C:\USERS\IARFMOOSE\DOCUMENTS\GITHUB\MOOSEBOTZ\STARCRAFTBUILDORDERSEARCH1\VISUALSTUDIO\RELEASE\TEST.OBJ
C:\USERS\IARFMOOSE\DOCUMENTS\GITHUB\MOOSEBOTZ\STARCRAFTBUILDORDERSEARCH1\VISUALSTUDIO\RELEASE\STARCRAFTDATA.OBJ
C:\USERS\IARFMOOSE\DOCUMENTS\GITHUB\MOOSEBOTZ\STARCRAFTBUILDORDERSEARCH1\VISUALSTUDIO\RELEASE\VC90.PDB
C:\USERS\IARFMOOSE\DOCUMENTS\GITHUB\MOOSEBOTZ\STARCRAFTBUILDORDERSEARCH1\VISUALSTUDIO\RELEASE\STARCRAFTBUILDORDERSEARCH.EXE
C:\USERS\IARFMOOSE\DOCUMENTS\GITHUB\MOOSEBOTZ\STARCRAFTBUILDORDERSEARCH1\VISUALSTUDIO\RELEASE\STARCRAFTBUILDORDERSEARCH.MAP
C:\USERS\IARFMOOSE\DOCUMENTS\GITHUB\MOOSEBOTZ\STARCRAFTBUILDORDERSEARCH1\VISUALSTUDIO\RELEASE\STARCRAFTBUILDORDERSEARCH.EXE.INTERMEDIATE.MANIFEST
C:\USERS\IARFMOOSE\DOCUMENTS\GITHUB\MOOSEBOTZ\STARCRAFTBUILDORDERSEARCH1\VISUALSTUDIO\RELEASE\STARCRAFTBUILDORDERSEARCH.PDB
C:\Users\IarfMoose\Documents\GitHub\MooseBotZ\StarcraftBuildOrderSearch1\VisualStudio\Release\StarcraftData.obj
C:\Users\IarfMoose\Documents\GitHub\MooseBotZ\StarcraftBuildOrderSearch1\VisualStudio\Release\test.obj
C:\Users\IarfMoose\Documents\GitHub\MooseBotZ\StarcraftBuildOrderSearch1\VisualStudio\Release\cl.command.1.tlog
C:\Users\IarfMoose\Documents\GitHub\MooseBotZ\StarcraftBuildOrderSearch1\VisualStudio\Release\CL.read.1.tlog
C:\Users\IarfMoose\Documents\GitHub\MooseBotZ\StarcraftBuildOrderSearch1\VisualStudio\Release\CL.write.1.tlog
C:\Users\IarfMoose\Documents\GitHub\MooseBotZ\StarcraftBuildOrderSearch1\VisualStudio\Release\link.command.1.tlog
C:\Users\IarfMoose\Documents\GitHub\MooseBotZ\StarcraftBuildOrderSearch1\VisualStudio\Release\link.read.1.tlog
C:\Users\IarfMoose\Documents\GitHub\MooseBotZ\StarcraftBuildOrderSearch1\VisualStudio\Release\link.write.1.tlog
C:\Users\IarfMoose\Documents\GitHub\MooseBotZ\StarcraftBuildOrderSearch1\VisualStudio\Release\mt.command.1.tlog
C:\Users\IarfMoose\Documents\GitHub\MooseBotZ\StarcraftBuildOrderSearch1\VisualStudio\Release\mt.read.1.tlog
C:\Users\IarfMoose\Documents\GitHub\MooseBotZ\StarcraftBuildOrderSearch1\VisualStudio\Release\mt.write.1.tlog
C:\Users\IarfMoose\Documents\GitHub\MooseBotZ\StarcraftBuildOrderSearch1\VisualStudio\Release\StarcraftBuildOrderSearch.exe.intermediate.manifest
C:\Users\IarfMoose\Documents\GitHub\MooseBotZ\StarcraftBuildOrderSearch1\VisualStudio\Release\StarcraftBuildOrderSearch.pdb
C:\Users\IarfMoose\Documents\GitHub\MooseBotZ\StarcraftBuildOrderSearch1\VisualStudio\Release\vc90.pdb
C:\Users\IarfMoose\Documents\GitHub\MooseBotZ\StarcraftBuildOrderSearch1\VisualStudio\Release\StarcraftBuildOrderSearch.exe
