C:\USERS\IARFMOOSE\DOCUMENTS\GITHUB\MOOSEBOTZ\MOOSEBOT\MOOSEBOT\RELEASE\WORKERMANAGER.OBJ
C:\USERS\IARFMOOSE\DOCUMENTS\GITHUB\MOOSEBOTZ\MOOSEBOT\MOOSEBOT\RELEASE\STRATEGYMANAGER.OBJ
C:\USERS\IARFMOOSE\DOCUMENTS\GITHUB\MOOSEBOTZ\MOOSEBOT\MOOSEBOT\RELEASE\SCOUTMANAGER.OBJ
C:\USERS\IARFMOOSE\DOCUMENTS\GITHUB\MOOSEBOTZ\MOOSEBOT\MOOSEBOT\RELEASE\PRODUCTIONMANAGER.OBJ
C:\USERS\IARFMOOSE\DOCUMENTS\GITHUB\MOOSEBOTZ\MOOSEBOT\MOOSEBOT\RELEASE\MOOSEBOT.OBJ
C:\USERS\IARFMOOSE\DOCUMENTS\GITHUB\MOOSEBOTZ\MOOSEBOT\MOOSEBOT\RELEASE\COMMON.OBJ
C:\USERS\IARFMOOSE\DOCUMENTS\GITHUB\MOOSEBOTZ\MOOSEBOT\MOOSEBOT\RELEASE\BUILDORDERQUEUE.OBJ
C:\USERS\IARFMOOSE\DOCUMENTS\GITHUB\MOOSEBOTZ\MOOSEBOT\MOOSEBOT\RELEASE\BUILDORDERGENERATOR.OBJ
C:\USERS\IARFMOOSE\DOCUMENTS\GITHUB\MOOSEBOTZ\MOOSEBOT\MOOSEBOT\RELEASE\BUILDINGPLACER.OBJ
C:\USERS\IARFMOOSE\DOCUMENTS\GITHUB\MOOSEBOTZ\MOOSEBOT\MOOSEBOT\RELEASE\ARMYMANAGER.OBJ
C:\USERS\IARFMOOSE\DOCUMENTS\GITHUB\MOOSEBOTZ\MOOSEBOT\MOOSEBOT\RELEASE\VC90.PDB
C:\USERS\IARFMOOSE\DOCUMENTS\GITHUB\MOOSEBOTZ\MOOSEBOT\MOOSEBOT\RELEASE\DLLMAIN.OBJ
C:\USERS\IARFMOOSE\DOCUMENTS\GITHUB\MOOSEBOTZ\MOOSEBOT\RELEASE\MOOSEBOT.DLL
C:\USERS\IARFMOOSE\DOCUMENTS\GITHUB\MOOSEBOTZ\MOOSEBOT\MOOSEBOT\RELEASE\MOOSEBOT.DLL.INTERMEDIATE.MANIFEST
C:\USERS\IARFMOOSE\DOCUMENTS\GITHUB\MOOSEBOTZ\MOOSEBOT\RELEASE\MOOSEBOT.PDB
C:\Users\IarfMoose\Documents\GitHub\MooseBotZ\MooseBot\Release\MooseBot.lib
C:\Users\IarfMoose\Documents\GitHub\MooseBotZ\MooseBot\Release\MooseBot.exp
C:\Users\IarfMoose\Documents\GitHub\MooseBotZ\MooseBot\MooseBot\Release\ArmyManager.obj
C:\Users\IarfMoose\Documents\GitHub\MooseBotZ\MooseBot\MooseBot\Release\BuildingPlacer.obj
C:\Users\IarfMoose\Documents\GitHub\MooseBotZ\MooseBot\MooseBot\Release\BuildOrderGenerator.obj
C:\Users\IarfMoose\Documents\GitHub\MooseBotZ\MooseBot\MooseBot\Release\BuildOrderQueue.obj
C:\Users\IarfMoose\Documents\GitHub\MooseBotZ\MooseBot\MooseBot\Release\Common.obj
C:\Users\IarfMoose\Documents\GitHub\MooseBotZ\MooseBot\MooseBot\Release\dllmain.obj
C:\Users\IarfMoose\Documents\GitHub\MooseBotZ\MooseBot\MooseBot\Release\MooseBot.obj
C:\Users\IarfMoose\Documents\GitHub\MooseBotZ\MooseBot\MooseBot\Release\ProductionManager.obj
C:\Users\IarfMoose\Documents\GitHub\MooseBotZ\MooseBot\MooseBot\Release\ScoutManager.obj
C:\Users\IarfMoose\Documents\GitHub\MooseBotZ\MooseBot\MooseBot\Release\StrategyManager.obj
C:\Users\IarfMoose\Documents\GitHub\MooseBotZ\MooseBot\MooseBot\Release\WorkerManager.obj
C:\Users\IarfMoose\Documents\GitHub\MooseBotZ\MooseBot\MooseBot\Release\cl.command.1.tlog
C:\Users\IarfMoose\Documents\GitHub\MooseBotZ\MooseBot\MooseBot\Release\CL.read.1.tlog
C:\Users\IarfMoose\Documents\GitHub\MooseBotZ\MooseBot\MooseBot\Release\CL.write.1.tlog
C:\Users\IarfMoose\Documents\GitHub\MooseBotZ\MooseBot\MooseBot\Release\link.command.1.tlog
C:\Users\IarfMoose\Documents\GitHub\MooseBotZ\MooseBot\MooseBot\Release\link.read.1.tlog
C:\Users\IarfMoose\Documents\GitHub\MooseBotZ\MooseBot\MooseBot\Release\link.write.1.tlog
C:\Users\IarfMoose\Documents\GitHub\MooseBotZ\MooseBot\MooseBot\Release\MooseBot.write.1.tlog
C:\Users\IarfMoose\Documents\GitHub\MooseBotZ\MooseBot\MooseBot\Release\mt.command.1.tlog
C:\Users\IarfMoose\Documents\GitHub\MooseBotZ\MooseBot\MooseBot\Release\mt.read.1.tlog
C:\Users\IarfMoose\Documents\GitHub\MooseBotZ\MooseBot\MooseBot\Release\mt.write.1.tlog
C:\Users\IarfMoose\Documents\GitHub\MooseBotZ\MooseBot\MooseBot\Release\MooseBot.dll.intermediate.manifest
C:\Users\IarfMoose\Documents\GitHub\MooseBotZ\MooseBot\MooseBot\Release\vc90.pdb
C:\Users\IarfMoose\Documents\GitHub\MooseBotZ\MooseBot\Release\MooseBot.pdb
C:\Users\IarfMoose\Documents\GitHub\MooseBotZ\MooseBot\Release\MooseBot.dll
